Observed S Changes	Observed NS Changes	E[S Sites]	E[NS Sites]	Observed S. Prop.	P{S}	dS	dN	dN-dS	P{S leq. observed}	P{S geq. observed}	Scaled dN-dS
0	0	0	3.000000000000001	0	0	0	0	0	0	0	0
0	0	0.6763136688840199	2	0	0.2527034393416344	0	0	0	0	0	0
2	0	0.5660636055770176	1.870713699742013	1	0.232300097485891	3.533171856122595	0	-3.533171856122595	0.9999999999999999	0.05396333529195452	-2.843574636423918
3	1	1.024306844909175	1.960337572420358	0.75	0.3431922539790044	2.92880987265687	0.510116223893692	-2.418693648763178	0.9861276541322312	0.1200689644195425	-1.946617994532092
0	0	0.5189537627605965	2.157359906123424	0	0.1939061810258555	0	0	0	0	0	0
3	0	0.8548422854177451	2.145157714582255	1	0.2849474284725816	3.509419282568547	0	-3.509419282568547	1	0.02313631699593055	-2.824458041347728
4	0	1	2	1	0.3333333333333333	4	0	-4	1	0.01234567901234551	-3.21928822284296
1	0	0.581194944889236	2.095118723994783	1	0.2171624916938772	1.720593079471088	0	-1.720593079471088	1	0.2171624916938772	-1.384771259261594
1	0	0.581194944889236	1.855582360429795	1	0.2385096675106895	1.720593079471088	0	-1.720593079471088	1	0.2385096675106895	-1.384771259261594
4	0	1	2	1	0.3333333333333333	4	0	-4	1	0.01234567901234551	-3.21928822284296
2	0	1	2	1	0.3333333333333333	2	0	-2	1	0.1111111111111109	-1.60964411142148
2	0	0.5632226946809694	2.436777305319031	1	0.1877408982269898	3.55099327297682	0	-3.55099327297682	1	0.03524664486707696	-2.857917705772214
2	0	1.007418593088941	1.992581406911059	1	0.3358061976963136	1.985272074309857	0	-1.985272074309857	1	0.1127658024112557	-1.597790751991184
0	0	0.5189537627605965	2.29748852008867	0	0.1842586180163417	0	0	0	0	0	0
3	1	1	2	0.75	0.3333333333333333	3	0.5	-2.5	0.9876543209876545	0.1111111111111109	-2.01205513927685
4	1	0.785294212848257	2.131426914788225	0.8	0.2692387028048196	5.093632341300499	0.4691692654633473	-4.624463075837152	0.9985852247709011	0.02061452197586666	-3.721869879253668
7	0	1	1.850730878589482	1	0.3507872340775962	7	0	-7	1.000000000000001	0.0006535915975027784	-5.63375438997518
8	0	1.237979017212116	1.49353245782666	1	0.453221239787961	6.462145067705355	0	-6.462145067705355	1	0.001780254268601733	-5.200876877691643
4	0	0.5632226946809693	2.436777305319031	1	0.1877408982269897	7.101986545953642	0	-7.101986545953642	1	0.001242325974385672	-5.715835411544428
1	0	0.5205415568190566	2.155772112064963	1	0.1944994575453161	1.921076207845604	0	-1.921076207845604	1	0.1944994575453161	-1.546124502775292
4	0	0.5632226946809693	2	1	0.2197322518444191	7.101986545953642	0	-7.101986545953642	1	0.002331176872178542	-5.715835411544428
4	0	1.269935493408649	1.697019339803394	1	0.4280265675746096	3.149766284005145	0	-3.149766284005145	1	0.03356471051567267	-2.535001375701399
0	1	0.5390382723540481	2.153269291407107	0	0.200214225005189	0	0.4644100967726731	0.4644100967726731	0.7997857749948111	0.2002142250051889	0.3737674887774065
0	0	0.5189537627605965	2.29748852008867	0	0.1842586180163417	0	0	0	0	0	0
2	0	0.688816619073636	2.311183380926364	1	0.229605539691212	2.903530409428457	0	-2.903530409428457	0.9999999999999999	0.05271870385689281	-2.336825312934858
5	0	1	1.853237432889192	1	0.3504790693101901	5	0	-5	1	0.00528823120526023	-4.0241102785537
1	0	0.5249618835188914	2.151351785365128	1	0.1961511050152026	1.904900205890879	0	-1.904900205890879	1	0.1961511050152025	-1.533105699628909
3	1	0.9371019420068416	2.062898057993158	0.75	0.3123673140022805	3.201359281761149	0.4847549282065961	-2.716604353554553	0.9904794435442974	0.09335321774087224	-2.186383100380521
4.5	2.5	0.7594241648001139	2.22403235369184	0.6428571428571429	0.2545450755166291	5.925542283980961	1.124084366780933	-4.801457917200027	0.9922760770028189	0.04439333579774696	-3.864319231329534
5	1	1.117551863446779	1.500483667583155	0.8333333333333334	0.4268665761794053	4.474065288190639	0.6664517725879087	-3.80761351560273	0.9939500344143287	0.05478796968729072	-3.064451336979387
2.5	1.5	0.9218589455294093	1.899521107768569	0.625	0.3267404348633664	2.71191163477216	0.7896727200689548	-1.922238914703205	0.9416323827406481	0.2505127674141461	-1.547060274898615
6	0	1	2	1	0.3333333333333333	6	0	-6	1	0.001371742112482699	-4.82893233426444
6	1	1	2	0.8571428571428571	0.3333333333333333	6	0.5	-5.5	0.9995427526291726	0.00685871056241405	-4.42652130640907
1	1	0.5431381850875175	2.373582942548964	0.5	0.1862153292411746	1.841152081470514	0.4213040050439995	-1.419848076426514	0.965323851155601	0.3377545096379501	-1.142725047666527
2	0	0.5271748331978898	2.289267449651377	1	0.1871775737809798	3.793807811097166	0	-3.793807811097166	1	0.03503544412653403	-3.053340201498684
3	0	0.5715177677834774	2.244924515065789	1	0.2029218817171353	5.249180636386734	0	-5.249180636386734	1	0.008355773186969451	-4.224656350573782
4	0	1	2	1	0.3333333333333333	4	0	-4	1	0.01234567901234551	-3.21928822284296
1	0	0.5249618835188914	2.291480399330375	1	0.1863918485799082	1.904900205890879	0	-1.904900205890879	1	0.1863918485799082	-1.533105699628909
5	3	0.8336288469181931	1.791201673830474	0.625	0.3175933990132137	5.997873056437871	1.674853280805906	-4.323019775631964	0.9847367281605351	0.07276422197703969	-3.4792616627023
4	0	1	2	1	0.3333333333333333	4	0	-4	1	0.01234567901234551	-3.21928822284296
2	1	0.778719695543918	1.819117637917941	0.6666666666666666	0.2997569114561156	2.568318242680437	0.5497170601592007	-2.018601182521236	0.9730655807383772	0.2156937793738831	-1.624614753376872
4	3	0.8208172107964762	1.822769587205271	0.5714285714285714	0.3104937622690964	4.873192164329277	1.645847078565589	-3.227345085763687	0.9665859994786024	0.1400476226787102	-2.597438506412285
3	2	0.8714688915539965	2.128531108446004	0.6	0.2904896305179988	3.442463671480485	0.9396151139459541	-2.502848557534532	0.9726704676322725	0.1507278948687387	-2.014347721207602
4	1	0.6392206690519252	2.051434294135972	0.8	0.2375706576270093	6.257619932616841	0.4874638212193788	-5.770156111397462	0.9992432298396963	0.01290018427994322	-4.643948903346796
3.5	2.5	0.7837140202874036	2.139390428539694	0.5833333333333334	0.2681101664368752	4.465914746193363	1.168557158454921	-3.297357587738442	0.972785958537661	0.1235304098930514	-2.653786112177059
5	0	1	1.928521443285126	1	0.3414692428812235	5	0	-5	0.9999999999999999	0.004642564627546641	-4.0241102785537
2	0	0.5632226946809694	2.436777305319031	1	0.1877408982269898	3.55099327297682	0	-3.55099327297682	1	0.03524664486707696	-2.857917705772214
1	5	0.6627156006146774	1.994073198642351	0.1666666666666667	0.2494423345958121	1.508942899597485	2.507430521308953	0.9984876217114678	0.5352594035515041	0.8212259872330244	0.8036048603075512
3.5	6.5	0.8447899188859957	2.013888515702191	0.35	0.295517645029457	4.143041863727927	3.22758680498936	-0.9154550587385666	0.7594220654380892	0.4718189340635237	-0.7367784222847694
5	0	1	2	1	0.3333333333333333	5	0	-5	1	0.004115226337448097	-4.0241102785537
1	3	0.8162900761572254	1.962865480274373	0.25	0.293718742827527	1.225054706909594	1.528377787549992	0.3033230806403981	0.6627624718053754	0.7511654243778452	0.2441211053055198
0	2	0.5376829816126836	2.356418564909115	0	0.1857858036318332	0	0.8487456472221175	0.8487456472221175	0.6629447575674597	0.3370552424325403	0.6830892165728472
0	0	0.5189537627605965	2.157359906123424	0	0.1939061810258555	0	0	0	0	0	0
5	1	1.094211916341531	1.708722227768614	0.8333333333333334	0.390380886629398	4.569498764661025	0.5852326280707892	-3.984266136590235	0.9964605867155303	0.03670231744651165	-3.206625262549241
5	3	0.9837015964738547	2.016298403526146	0.625	0.3279005321579515	5.082842213454609	1.487875006374818	-3.594967207079791	0.9819540597493117	0.08249243323068334	-2.893308897814655
2	1	0.5425146738381118	2.280653254693773	0.6666666666666666	0.1921652156626164	3.686536229242726	0.4384708626538985	-3.248065366588827	0.9929038247423103	0.09659005981660007	-2.614114645420878
4	0	1	2	1	0.3333333333333333	4	0	-4	1	0.01234567901234551	-3.21928822284296
5	0	0.5632226946809693	2.436777305319031	1	0.1877408982269898	8.877483182442052	0	-8.877483182442052	1	0.0002332353943218513	-7.144794264430535
2	0	1.098873749711398	1.480708935438515	1	0.425988961717479	1.82004529685532	0	-1.82004529685532	0.9999999999999999	0.1814665955051359	-1.464812597301763
0	0	1	2	0	0.3333333333333333	0	0	0	0	0	0
1	0	0.5632226946809693	2.436777305319031	1	0.1877408982269898	1.775496636488411	0	-1.775496636488411	1	0.1877408982269898	-1.428958852886107
5	0	1	2	1	0.3333333333333333	5	0	-5	1	0.004115226337448097	-4.0241102785537
3	0	1	2	1	0.3333333333333333	3	0	-3	1	0.03703703703703698	-2.41446616713222
4	0	1	1.858216827551533	1	0.3498684880589138	3.999999999999999	0	-3.999999999999999	1	0.01498370841103158	-3.219288222842959
5	0	1	2	1	0.3333333333333333	5	0	-5	1	0.004115226337448097	-4.0241102785537
6	0	1	2	1	0.3333333333333333	6	0	-6	1	0.001371742112482699	-4.82893233426444
0	0	0.5189537627605965	2.157359906123424	0	0.1939061810258555	0	0	0	0	0	0
1	0	0.5249618835188914	1.91181542180014	1	0.2154328515671077	1.904900205890879	0	-1.904900205890879	1	0.2154328515671077	-1.533105699628909
0	0	0.5632226946809694	2	0	0.2197322518444191	0	0	0	0	0	0
0	0	0.5189537627605965	1.917823542558435	0	0.2129672504860485	0	0	0	0	0	0
1	0	0.5632226946809694	2.436777305319031	1	0.1877408982269898	1.77549663648841	0	-1.77549663648841	1	0.1877408982269898	-1.428958852886107
1	0	0.5205415568190566	1.916235748499974	1	0.2136188463684438	1.921076207845604	0	-1.921076207845604	1	0.2136188463684439	-1.546124502775292
1	0	1	1.822353621924132	1	0.3543142121639076	0.9999999999999998	0	-0.9999999999999998	1	0.3543142121639076	-0.8048220557107398
4	2	1.09024688490268	1.536780315424494	0.6666666666666666	0.415011646916674	3.668893766531659	1.301422187625792	-2.367471578905866	0.9516791414322536	0.2005952378661336	-1.905393342971771
3	1	0.8018371440571183	2.198162855942882	0.75	0.2672790480190394	3.741408117888708	0.4549253469989416	-3.286482770889767	0.9948965993671665	0.06106541632758744	-2.645033819725431
2	2	1.048361424962552	1.762346008512906	0.5	0.3729884556736829	1.907739022419144	1.134850926174043	-0.7728880962451008	0.8505022523371661	0.4776633859425965	-0.6220373864543423
3	2	0.8211890637357724	2.056755644671371	0.6	0.285338721531685	3.653239104710345	0.9724052563957155	-2.68083384831463	0.9744213463252528	0.1442327229367983	-2.157594208819515
1	0	0.5632226946809694	2.436777305319031	1	0.1877408982269898	1.77549663648841	0	-1.77549663648841	1	0.1877408982269898	-1.428958852886107
2	0	1.08996445674792	1.482734996020113	1	0.4236656775338447	1.834922219360541	0	-1.834922219360541	1	0.1794926063202116	-1.476785872655064
3	0	0.8613643099291501	2.138635690070851	1	0.28712143664305	3.48284688071968	0	-3.48284688071968	1	0.02366992354338993	-2.803071986266551
1	0	0.5632226946809693	2.436777305319031	1	0.1877408982269898	1.775496636488411	0	-1.775496636488411	1	0.1877408982269898	-1.428958852886107
0	0	0.5189537627605965	2.29748852008867	0	0.1842586180163417	0	0	0	0	0	0
2	0	1	1.830689593451116	1	0.3532708080439231	2	0	-2	1	0.1248002638160064	-1.60964411142148
2	0	0.5632226946809694	2.436777305319031	1	0.1877408982269898	3.55099327297682	0	-3.55099327297682	1	0.03524664486707696	-2.857917705772214
3	0	1.108403745822837	1.480488348793787	1	0.4281382557919914	2.7065949671371	0	-2.7065949671371	0.9999999999999996	0.07847875529287218	-2.178327325427624
5	0	1	1.989521234097643	1	0.3345017217453684	5	0	-5	1	0.004187856458518935	-4.0241102785537
7	0	1.219694350565488	1.509389560410926	1	0.4469244590317872	5.739142758802303	0	-5.739142758802303	1	0.003561548493052458	-4.618988673156677
5	0	0.6817965539497605	2.31820344605024	1	0.2272655179832535	7.333565960452823	0	-7.333565960452823	1	0.0006062723129611758	-5.902215631981949
2	0	0.5252650796810351	2.151048589202985	1	0.1962643937397899	3.807601299546681	0	-3.807601299546681	1	0.03851971225004713	-3.064441505228045
2	1	1	1.921288554463973	0.6666666666666666	0.3423146948191463	2	0.5204840249927963	-1.479515975007204	0.9598877864666726	0.27131362380072	-1.190747088462177
2	2	0.7991905084457587	2.200809491554241	0.5	0.2663968361485862	2.502532223373797	0.9087565314831376	-1.59377569189066	0.9394872326838959	0.2896690491586895	-1.282705828689248
4	1	0.8548903499568734	1.719150913147133	0.8	0.3321199089582469	4.678962629770926	0.5816824993969657	-4.097280130373961	0.995959133050447	0.04467099048867285	-3.29758141735034
2	1	1.003641563567086	1.967122330098211	0.6666666666666666	0.3378395589454953	1.992743298605244	0.5083567934232508	-1.484386505181993	0.9614404901859118	0.2652876831372841	-1.194666998569853
1	0	0.5632226946809693	2.436777305319031	1	0.1877408982269897	1.775496636488411	0	-1.775496636488411	1	0.1877408982269897	-1.428958852886107
2	0	0.5632226946809694	2.436777305319031	1	0.1877408982269898	3.55099327297682	0	-3.55099327297682	1	0.03524664486707696	-2.857917705772214
1	0	0.5224417475770303	2.294000535272236	1	0.1854970544784251	1.914088995831171	0	-1.914088995831171	1	0.1854970544784251	-1.540501040438149
2	0	1	2	1	0.3333333333333333	2	0	-2	1	0.1111111111111109	-1.60964411142148
1	1	0.8613446213342247	1.981188185581634	0.5	0.3030201161578787	1.160975497183691	0.504747609175966	-0.6562278880077255	0.9081788092036658	0.5142190415194231	-0.5281466778410949
3	0	1	1.922160532770253	1	0.342212547457817	3	0	-3	0.9999999999999999	0.04007631556317937	-2.41446616713222
2	0	0.5632226946809693	2.436777305319031	1	0.1877408982269898	3.550993272976821	0	-3.550993272976821	1	0.03524664486707696	-2.857917705772214
0	0	0.5189537627605965	2.157359906123424	0	0.1939061810258555	0	0	0	0	0	0
2	1	0.5632226946809693	2.301512507369308	0.6666666666666666	0.1966054992719305	3.550993272976821	0.4344968783780487	-3.116496394598772	0.9924004656198462	0.1007620982715876	-2.508225034916093
2	0	0.8554228089341248	2.144577191065876	1	0.2851409363113748	2.338025101869849	0	-2.338025101869849	1	0.08130535356052748	-1.881694168790205
4	0	1	1.960050546008694	1	0.3378320688977393	4	0	-4	1	0.0130257725768842	-3.21928822284296
2	0	0.5632226946809694	2	1	0.2197322518444191	3.55099327297682	0	-3.55099327297682	1	0.04828226250061918	-2.857917705772214
4	1	1	2	0.8	0.3333333333333333	4	0.5	-3.5	0.9958847736625519	0.04526748971193373	-2.81687719498759
6	0	1	2	1	0.3333333333333333	6	0	-6	1	0.001371742112482699	-4.82893233426444
0	0	0	1.734230868602935	0	0	0	0	0	0	0	0
0	0	0	1.734230868602935	0	0	0	0	0	0	0	0
5	0	0.8519009378892997	2.1480990621107	1	0.2839669792964332	5.869227016451208	0	-5.869227016451208	0.9999999999999999	0.001846457042328442	-4.723683352813275
2	0	0.9619811277507229	1.849239779410693	1	0.3421933599384289	2.079042865088573	0	-2.079042865088573	1	0.117096295585951	-1.673259552591333
1	0	0.52243016424466	1.914347141074371	1	0.2143938894638802	1.914131435051841	0	-1.914131435051841	1	0.2143938894638802	-1.540535196458971
3	1	1	1.977172158198842	0.75	0.3358892085719992	3	0.5057728513186108	-2.494227148681389	0.9872712955009837	0.1133960650805981	-2.007409021211294
4	0	0.6743177306859446	2.325682269314056	1	0.2247725768953148	5.931921730622492	0	-5.931921730622492	1	0.00255254435954444	-4.774141441554804
5	0	1.317247314733415	1.47363977014793	1	0.4719815867396219	3.795794414666847	0	-3.795794414666847	0.9999999999999997	0.02342207028601839	-3.054939063867517
3	0	0.5255303064011848	1.911246998917846	1	0.2156661198600504	5.708519496323451	0	-5.708519496323451	1	0.01003103566376617	-4.594342396095878
3	0	1	2	1	0.3333333333333333	3	0	-3	1	0.03703703703703698	-2.41446616713222
3	2	0.8544881327526493	1.953838967564954	0.6	0.3042694466239394	3.5108738027008	1.023625812158192	-2.487247990542608	0.9675764330933196	0.1687742085550947	-2.001792040810909
3	0	1	2	1	0.3333333333333333	3	0	-3	1	0.03703703703703698	-2.41446616713222
1	0	0.5249618835188914	2.291480399330375	1	0.1863918485799082	1.904900205890879	0	-1.904900205890879	1	0.1863918485799082	-1.533105699628909
2	0	0.5284498683353254	1.908327436983705	1	0.2168642440906758	3.784654174104003	0	-3.784654174104003	1	0.0470301003650202	-3.045973152556617
3	0	1	1.894397160944139	1	0.3454950873686611	3	0	-3	1	0.04124066213392119	-2.41446616713222
1	0	1.009097275951566	1.973716957239489	1	0.3383037618376992	0.9909847383712461	0	-0.9909847383712461	1	0.3383037618376992	-0.7975663743139162
2	2	0.9110528615654414	2.079819550457326	0.5	0.3046110753180822	2.195262299668809	0.9616218866488804	-1.233640413019929	0.9127718904085813	0.356442436884541	-0.9928610132145452
2	1	0.9202515134122133	2.079748486587787	0.6666666666666666	0.3067505044707378	2.173318892553811	0.4808273723716878	-1.692491520182123	0.9711360437975176	0.2245597035741906	-1.362154504545972
3	0	1.002974097137708	1.899417544524315	1	0.3455681455047761	2.991104165662318	0	-2.991104165662318	1	0.0412668298264498	-2.407306603453304
5	1	0.9184465670176951	1.688511034275217	0.8333333333333334	0.3523059088349555	5.443974837028999	0.5922377643384744	-4.851737072690525	0.9980878605437484	0.02300428800510534	-3.904785004610796
1	0	1	2	1	0.3333333333333333	1	0	-1	1	0.3333333333333333	-0.8048220557107401
0	2	1.018259800381598	1.743125750242253	0	0.3687495938955548	0	1.147364153000464	1.147364153000464	0.398477075207027	0.601522924792973	0.9234239762666452
3	0	0.5632226946809693	2.436777305319031	1	0.1877408982269898	5.326489909465232	0	-5.326489909465232	0.9999999999999999	0.006617236766832901	-4.286876558658321
1	0	0.5211667124395948	2.155146956444425	1	0.1947330458678683	1.918771817407475	0	-1.918771817407475	1	0.1947330458678683	-1.544269878525717
3.5	1.5	0.9064346837286992	1.920581466966854	0.7	0.3206330050522286	3.861282078927563	0.7810134721173415	-3.080268606810222	0.978660704307005	0.1153581040700737	-2.47906811227426
1	1	1	2	0.5	0.3333333333333333	1	0.5	-0.5	0.8888888888888891	0.5555555555555555	-0.40241102785537
2.5	2.5	1.015661304235993	1.796139153342259	0.5	0.3612138626333257	2.461450475245353	1.391874340775878	-1.069576134469475	0.84332225807606	0.4228788067284939	-0.8608184632828697
3	3	0.9212100096866771	1.938220539994804	0.5	0.3221655478882999	3.256586411843661	1.547811478671071	-1.70877493317259	0.9105243589258171	0.2977511472442516	-1.375259754462946
4	0	0.5632226946809693	2.436777305319031	1	0.1877408982269898	7.101986545953642	0	-7.101986545953642	0.9999999999999999	0.001242325974386005	-5.715835411544428
0	0	0.5189537627605965	2.157359906123424	0	0.1939061810258555	0	0	0	0	0	0
3	0	0.6962037763232389	2.303796223676761	1	0.2320679254410797	4.30908320526997	0	-4.30908320526997	0.9999999999999999	0.01249813926838594	-3.468045203494002
7	2	0.8446374110434227	2.143118688054055	0.7777777777777778	0.2826995855848358	8.287579863828848	0.9332194297722231	-7.354360434056624	0.9997251103577079	0.002947778294521863	-5.918951482975182
0	0	0.5189537627605965	2.157359906123424	0	0.1939061810258555	0	0	0	0	0	0
1.5	1.5	0.4918568484820256	2.508143151517975	0.5	0.1639522828273419	3.049667814180727	0.5980519888157788	-2.451615825364948	0.9618830208920113	0.2437248767825564	-1.9731144883832
2	2	0.7592766605443866	2.021460809758119	0.5	0.2730486673600971	2.634085971463997	0.9893835143107788	-1.644702457153218	0.9352463998617478	0.3011506470286237	-1.323692812598559
5	0	1	2	1	0.3333333333333333	5	0	-5	1	0.004115226337448097	-4.0241102785537
3	1	0.9126099232081446	1.689622854858293	0.75	0.3507026469347028	3.287275235243932	0.5918480548038451	-2.695427180440086	0.9848728826859414	0.1271536140328622	-2.169339244380394
2	0	1.103676312697055	1.480923397234046	1	0.4270202106950156	1.812125509074846	0	-1.812125509074846	0.9999999999999999	0.1823462603420156	-1.458438577419489
6	0	0.6126530632791972	2.20378921957007	1	0.2175272921479519	9.793470986475244	0	-9.793470986475244	1	0.0001059455016844124	-7.882001451878494
1	0	0.5219887280165945	1.914788577302437	1	0.2142127337107048	1.915750180659474	0	-1.915750180659474	1	0.2142127337107048	-1.54183799862658
2.5	2.5	0.7919516830787674	2.113357331761068	0.5	0.2725877622771313	3.156758238433279	1.18295186641094	-1.973806372022338	0.9248285783820671	0.2717534987580813	-1.588562901905976
3	3	0.7834194091081444	2.169312561166771	0.5	0.2653201905878385	3.829366448062911	1.382926579462777	-2.446439868600134	0.953734815225513	0.1943925204654726	-1.968948764219473
2	1	0.5775258885417724	2.066665008228888	0.6666666666666666	0.2184130840353102	3.463048219448503	0.4838713560341308	-2.979176863414373	0.9895807621149028	0.1222743500632524	-2.39770724753903
2	1	0.8613446213342247	1.981188185581634	0.6666666666666666	0.3030201161578787	2.321950994367383	0.504747609175966	-1.817203385191417	0.9721763320991399	0.2198162365872831	-1.462525364114272
5	2	1	2	0.7142857142857143	0.3333333333333333	5	1	-4	0.993141289437586	0.04526748971193395	-3.21928822284296
3	0	1	2	1	0.3333333333333333	3	0	-3	1	0.03703703703703698	-2.41446616713222
1	0	1	1.986672495644189	1	0.3348207751129111	0.9999999999999998	0	-0.9999999999999998	1	0.3348207751129111	-0.8048220557107398
4	1	1	1.99250976354826	0.8	0.3341676649416462	4	0.5018795984312773	-3.498120401568723	0.9958330132470607	0.04568079570197547	-2.815364452714219
0	2	0.6046881629529418	2.148178732611977	0	0.2196576100090931	0	0.9310212272552356	0.9310212272552356	0.6089342456167206	0.3910657543832794	0.7493064180298948
1	0	0.5207336413086558	2.295708641540611	1	0.1848905779037848	1.920367575036826	0	-1.920367575036826	1	0.1848905779037848	-1.545554179461387
4	0	0.6892562112916227	2.310743788708377	1	0.2297520704305409	5.803357205159243	0	-5.803357205159243	1	0.002786363259979829	-4.670669875879996
1	0	1	2	1	0.3333333333333333	0.9999999999999998	0	-0.9999999999999998	1	0.3333333333333333	-0.8048220557107398
0.5	2.5	0.5349207132118886	2.241424811801153	0.1666666666666667	0.1926707999392028	0.9347179640844154	1.115361972811866	0.1806440087274508	0.7145699663876515	0.4737986209628831	0.1453862824558558
2	4	0.5861481151704695	2.229676903638224	0.3333333333333333	0.2081621234470224	3.412106851897561	1.79398189642324	-1.618124955474321	0.8908363666614274	0.364692380287458	-1.302302653061693
3	0	1.163608106218977	1.514143299172432	1	0.4345467259866461	2.578187607980996	0	-2.578187607980996	1	0.08205583070315781	-2.074982250663221
1	2	0.56495607589467	2.430476497277839	0.3333333333333333	0.1886058397556639	1.770049111192211	0.8228839086656559	-0.9471652025265553	0.906701746900026	0.4658101485320957	-0.7622994453951016
0	0	0	3.000000000000001	0	0	0	0	0	0	0	0
3	1	0.8018371440571183	2.198162855942882	0.75	0.2672790480190394	3.741408117888708	0.4549253469989416	-3.286482770889767	0.9948965993671665	0.06106541632758744	-2.645033819725431
1	1	0.7835325130117258	2.133188614624756	0.5	0.2686347027103852	1.27627122473351	0.468781800701626	-0.807489424031884	0.9278353964997028	0.4651048019204734	-0.6498852982140223
0	1	0.5431381850875174	2.310007555264617	0	0.1903646832357338	0	0.4328990170274346	0.4328990170274346	0.8096353167642661	0.1903646832357339	0.3484066767991785
2	1	0.5649560758946699	2.430476497277838	0.6666666666666666	0.1886058397556639	3.540098222384423	0.411441954332828	-3.128656268051595	0.9932908823650786	0.09329825309997397	-2.518011569265577
5	0	1	2	1	0.3333333333333333	5	0	-5	1	0.004115226337448097	-4.0241102785537
2	1	0.5531473553930976	2.186741700775269	0.6666666666666666	0.2018867713449148	3.615673076080582	0.4573013811578515	-3.15837169492273	0.9917714447782164	0.1058176948886551	-2.541927200206326
5	1	0.6170317271750991	2.201968703647857	0.8333333333333334	0.2188831617152212	8.103311028901302	0.4541390612606645	-7.649171967640638	0.9998900300265521	0.002464634369545471	-6.156222307481504
3	2	0.9851142548075906	1.988335408617298	0.6	0.3313034913370327	3.045332036724969	1.005866510917699	-2.03946552580727	0.955727289902615	0.2068785538052469	-1.641406837031392
1	2	0.2448485736848523	2.744283191446464	0.3333333333333333	0.08191294092185857	4.084156934020423	0.7287877600364686	-3.355369173983954	0.9809700377448355	0.2261592468022915	-2.700475116274214
1	0	0.5209075470867266	2.155406121797294	1	0.1946362091794482	1.919726457396688	0	-1.919726457396688	1	0.1946362091794481	-1.545038193844299
2	0	0.5632226946809693	2.436777305319031	1	0.1877408982269898	3.550993272976821	0	-3.550993272976821	1	0.03524664486707696	-2.857917705772214
4	0	1	1.641576807560666	1	0.3785617730810706	3.999999999999999	0	-3.999999999999999	0.9999999999999999	0.02053747407786122	-3.219288222842959
3	0	1	1.868138869313817	1	0.3486581527481071	3	0	-3	0.9999999999999998	0.04238375930061089	-2.41446616713222
2	2	0.8586460770405209	1.983886729875338	0.5	0.3020707711627609	2.329248398703878	1.008122071629399	-1.321126327074479	0.9147260030796993	0.3519546023149179	-1.063271606409662
1	0	0.5632226946809694	2.436777305319031	1	0.1877408982269898	1.77549663648841	0	-1.77549663648841	1	0.1877408982269898	-1.428958852886107
1.5	2.5	1.024459201597911	1.763589197319825	0.375	0.3674467064472718	1.464187151289537	1.417563684218138	-0.04662346707139919	0.694171918011218	0.6538998610995963	-0.03752359461276549
4	0	1	1.924654028631127	1	0.34192078454765	4	0	-4	1	0.01366790669183737	-3.21928822284296
0	0	0	3.000000000000001	0	0	0	0	0	0	0	0
1	0	0.5632226946809693	2.436777305319031	1	0.1877408982269898	1.775496636488411	0	-1.775496636488411	1	0.1877408982269898	-1.428958852886107
4	0	1	2	1	0.3333333333333333	4	0	-4	1	0.01234567901234551	-3.21928822284296
4	0	1	2	1	0.3333333333333333	3.999999999999999	0	-3.999999999999999	1	0.01234567901234551	-3.219288222842959
4	1	1.093346638081043	1.556209664168378	0.8	0.4126527287428515	3.658492065261652	0.6425869360825421	-3.01590512917911	0.988034699597638	0.09711906350129484	-2.427266965894496
2	2	0.7710330494246794	2.228966950575321	0.5	0.2570110164748931	2.593922532234302	0.8972766507299617	-1.69664588150434	0.9451825514493308	0.2736034230859868	-1.365498026165483
0	1	0.5200552969832707	2.300954412693487	0	0.1843507646213882	0	0.4346022652527932	0.4346022652527932	0.8156492353786118	0.1843507646213882	0.3497774885372973
4	0	1	1.91503275002466	1	0.3430493190827926	4	0	-4	1	0.0138492497296997	-3.21928822284296
2	0	0.5531473553930977	2.263294927456169	1	0.1963993222092603	3.615673076080582	0	-3.615673076080582	1	0.03857269376425676	-2.909973437869148
2	0	0.5632226946809694	2.436777305319031	1	0.1877408982269898	3.55099327297682	0	-3.55099327297682	1	0.03524664486707696	-2.857917705772214
4	0	1	1.96254490976613	1	0.3375476255915871	4	0	-4	1	0.0129819588903104	-3.21928822284296
3	0	0.5632226946809693	2.436777305319031	1	0.1877408982269898	5.326489909465232	0	-5.326489909465232	0.9999999999999999	0.006617236766832901	-4.286876558658321
7	0	1.282774780312799	1.540115181703419	1	0.4544189811056578	5.456920503451962	0	-5.456920503451962	0.9999999999999996	0.004001245927301667	-4.391849977438294
3	0	0.5632226946809693	2	1	0.2197322518444191	5.326489909465232	0	-5.326489909465232	0.9999999999999999	0.01060917026340458	-4.286876558658321
4	0	0.5632226946809693	2.436777305319031	1	0.1877408982269898	7.101986545953642	0	-7.101986545953642	0.9999999999999999	0.001242325974386005	-5.715835411544428
3	1	1.042358671780685	1.765654888915499	0.75	0.3712085605178685	2.878088014440396	0.5663620939051234	-2.311725920535272	0.9810123187695995	0.1476408717347893	-1.860528007605001
4	1	1.064268158516389	1.715908301968837	0.8	0.3828059742404414	3.758451258727949	0.5827817249048785	-3.175669533823071	0.9917795889426047	0.07448882032110749	-2.555848882469451
5	2	0.8752317671039819	1.947417252126754	0.7142857142857143	0.3100746005404919	5.71277253400467	1.027001274542382	-4.685771259462288	0.9954320382857682	0.03321993427382763	-3.771212057630742
3	0	1	1.978486562404208	1	0.3357409808801718	3	0	-3	0.9999999999999999	0.03784539694259759	-2.41446616713222
2	2	0.7940889777300071	2.088785832649523	0.5	0.275450385452383	2.518609445653339	0.9574940468947445	-1.561115398758595	0.9336732030628653	0.3053137975793048	-1.256420104430584
1	0	0.52262281910806	2.293819463741207	1	0.1855613453506834	1.913425827266136	0	-1.913425827266136	1	0.1855613453506834	-1.539967307750355
4	0	1	1.955325722782219	1	0.338372177486607	3.999999999999999	0	-3.999999999999999	0.9999999999999999	0.01310927230204817	-3.219288222842959
1	0	1	2	1	0.3333333333333333	1	0	-1	1	0.3333333333333333	-0.8048220557107401
1	2	0.7420336309451971	2.257966369054803	0.3333333333333333	0.247344543648399	1.347647813113547	0.8857527850767816	-0.4618950280367659	0.8467267737732713	0.5736280329228804	-0.3717433059871198
3	0	1	2	1	0.3333333333333333	3	0	-3	1	0.03703703703703698	-2.41446616713222
2	0	0.5632226946809693	2.436777305319031	1	0.1877408982269898	3.550993272976821	0	-3.550993272976821	1	0.03524664486707696	-2.857917705772214
2	2	0.6555418289736548	2.07171531939463	0.5	0.2403667103286776	3.050911340213466	0.9653836032763489	-2.085527736937117	0.9544643947416237	0.2455714696783491	-1.678478720483498
3	4	0.5444077519113562	2.346492036286807	0.4285714285714285	0.1883177528788273	5.510575463827118	1.704672310045329	-3.805903153781789	0.9729222278900247	0.1285357081890581	-3.063074800062648
4	0	1.119509648534504	1.48130629303867	1	0.4304455500443212	3.572992877047739	0	-3.572992877047739	1	0.03432992777403154	-2.875623472345392
0.5	2.5	0.705693587234185	2.216055996164268	0.1666666666666667	0.2415311672307497	0.7085228051449964	1.12813033800915	0.4196075328641536	0.6447483878078143	0.5636718647685816	0.3377093971914401
3	5	0.5903972201955936	2.254311629329212	0.375	0.2075422306554207	5.081324737616693	2.217971967561463	-2.863352770055231	0.9365362679938737	0.2199182488640301	-2.304489462620892
1	0	0.52243016424466	2.294012118604607	1	0.1854929417250977	1.914131435051841	0	-1.914131435051841	1	0.1854929417250977	-1.540535196458971
3	0	1	1.843591034033756	1	0.3516680099323062	3	0	-3	1	0.04349091966094587	-2.41446616713222
3	2	1.058961257779341	1.684917162924377	0.6	0.3859359255093202	2.832964830357485	1.187001974939088	-1.645962855418397	0.9233227073893648	0.2934342281350906	-1.324707208921354
2.5	1.5	0.9929594382235403	1.982005454621063	0.625	0.3337718171437283	2.517726206895862	0.7568092189164952	-1.760916987979367	0.9380439865489412	0.2598440964392251	-1.417224830201518
3.5	1.5	0.7837140202874037	2.083773014368608	0.7	0.2733103971580535	4.465914746193363	0.719848078296813	-3.74606666789655	0.9883378654384453	0.07570513770279452	-3.014917076485983
0	1	0.5390382723540481	2.360682882858737	0	0.1858931405818202	0	0.4236062400677135	0.4236062400677135	0.8141068594181798	0.1858931405818202	0.3409276449431944
4	0	0.7027258008346441	2.297274199165356	1	0.234241933611548	5.692120589921567	0	-5.692120589921567	0.9999999999999999	0.003010638267641808	-4.581144194534105
2	1	0.5288447430023117	2.224022152562608	0.6666666666666666	0.1921069063870546	3.781828270894351	0.4496358090892934	-3.332192461805058	0.9929102824245311	0.09653575529387592	-2.681821987133778
1	1	0.8613446213342247	1.981188185581634	0.5	0.3030201161578787	1.160975497183691	0.504747609175966	-0.6562278880077255	0.9081788092036658	0.5142190415194231	-0.5281466778410949
3	3	0.9238924356499747	2.039148523853321	0.5	0.3118054891164413	3.247131250608678	1.471202300816708	-1.77592894979197	0.9197608754402237	0.2778518362617171	-1.429306788167789
4	0	1.138772639194409	1.488254900116895	1	0.433483327507464	3.512553658498224	0	-3.512553658498224	0.9999999999999998	0.03530933950705106	-2.826980656226821
0	1	0.5272031612922143	2.289239121557052	0	0.1871876318938327	0	0.4368263632153196	0.4368263632153196	0.8128123681061673	0.1871876318938327	0.3515674916315999
3	0	1	2	1	0.3333333333333333	3	0	-3	1	0.03703703703703698	-2.41446616713222
7	0	1.156227150758243	1.487254863104766	1	0.437387939352237	6.054173693646153	0	-6.054173693646153	1	0.003062440253633447	-4.87253251775018
3	1	0.8018371440571183	2.198162855942882	0.75	0.2672790480190394	3.741408117888708	0.4549253469989416	-3.286482770889767	0.9948965993671665	0.06106541632758744	-2.645033819725431
2.5	2.5	0.7837140202874037	2.132729096392912	0.5	0.2687225462430681	3.18993910442383	1.172207011302211	-2.017732093121619	0.9276467563858632	0.2654355970797992	-1.623915291059676
6	0	0.9449990871680166	1.681178913175951	1	0.3598381705445114	6.349212482290183	0	-6.349212482290183	0.9999999999999996	0.002170917805106809	-5.109986242141076
1	0	0.5340851020728146	2.282357180776452	1	0.1896311191339256	1.872360783176582	0	-1.872360783176582	1	0.1896311191339256	-1.506917254548348
4	2	1	2	0.6666666666666666	0.3333333333333333	4	1	-3	0.982167352537723	0.1001371742112481	-2.41446616713222
2	2	0.7688041437127919	2.217181308244941	0.5	0.2574708269957353	2.601442794443568	0.9020462118107718	-1.699396582632796	0.9449113523340775	0.274386484957764	-1.367711851102334
6	0	1	2	1	0.3333333333333333	6	0	-6	1	0.001371742112482699	-4.82893233426444
3	1	0.9371019420068416	2.062898057993158	0.75	0.3123673140022805	3.201359281761149	0.4847549282065961	-2.716604353554553	0.9904794435442974	0.09335321774087224	-2.186383100380521
2	2	0.9279714656624295	2.042327085070168	0.5	0.3124169001239131	2.155238683521703	0.9792750703941659	-1.175963613127537	0.9066068538188637	0.3702598149906986	-0.9464414525583341
3	0	1.160108350771459	1.490109762606537	1	0.437740707044211	2.585965352292339	0	-2.585965352292339	1	0.08387852893308345	-2.081241950828668
0	1	0.5632226946809693	2.198162855942882	0	0.2039638016334685	0	0.4549253469989416	0.4549253469989416	0.7960361983665315	0.2039638016334685	0.3661339529666099
1	0	0.5632226946809694	2.436777305319031	1	0.1877408982269898	1.77549663648841	0	-1.77549663648841	1	0.1877408982269898	-1.428958852886107
2	0	1	1.828299033686384	1	0.3535694027008903	2	0	-2	1	0.1250113225262643	-1.60964411142148
6	0	1.236806562735034	1.537049396571445	1	0.4458798801666186	4.85120323644774	0	-4.85120323644774	1	0.007857913692439045	-3.904355361428465
4	4	0.7594518503727621	2.240548149627238	0.5	0.2531506167909207	5.266956684662337	1.785277411094907	-3.48167927356743	0.9712205897478535	0.1182223585002078	-2.802132270278015
4.5	1.5	0.7594241648001139	2.163312391641606	0.75	0.2598332590483877	5.925542283980961	0.6933811343177032	-5.232161149663257	0.9970624600675809	0.02429569402756382	-4.210958692281852
5	3	0.7736457731115394	1.880433887525106	0.625	0.2914930492048463	6.462906117731909	1.595376481939701	-4.867529635792208	0.9903122111560819	0.05160200888300115	-3.917495207711234
3.5	1.5	0.759424164800114	2.215621607459734	0.7	0.2552646994144411	4.608755109762969	0.6770109096921959	-3.931744200070773	0.9910111316722031	0.06301996439684066	-3.164354449629739
5	0	1	2	1	0.3333333333333333	5	0	-5	1	0.004115226337448097	-4.0241102785537
0	0	0	3.000000000000001	0	0	0	0	0	0	0	0
7	0	1	2	1	0.3333333333333333	7	0	-7	1	0.0004572473708274183	-5.63375438997518
4	1	1.117038989056418	1.519094624272602	0.8	0.4237414156127596	3.580895599157975	0.6582868400833402	-2.922608759074635	0.986338305622295	0.1065564218265536	-2.352179989516662
1	0	0.5205415568190566	2.29590072603021	1	0.1848223767939063	1.921076207845604	0	-1.921076207845604	1	0.1848223767939062	-1.546124502775292
0	0	0.5189537627605965	2.29748852008867	0	0.1842586180163417	0	0	0	0	0	0
3	1	0.9074119393276803	2.09258806067232	0.75	0.3024706464425601	3.306105937092651	0.4778771411315009	-2.82822879596115	0.9916298558389985	0.08557990073702992	-2.276220913585763
3	0	1	1.834325103729518	1	0.3528176773667072	3	0	-3	1	0.04391885507369686	-2.41446616713222
0	2	0.5200552969832706	2.138150147829657	0	0.1956414986652281	0	0.9353880044533414	0.9353880044533414	0.6469925986695201	0.3530074013304799	0.752820896631305
2	2	0.9939128629626738	2.006087137037326	0.5	0.3313042876542246	2.012248834408243	0.9969656666826965	-1.015283167725546	0.8906842510462106	0.4038002485543798	-0.8171222861773864
5	1	0.5632226946809693	2.301512507369307	0.8333333333333334	0.1966054992719305	8.877483182442052	0.4344968783780488	-8.442986304064004	0.9999422470772048	0.001473737137267617	-6.795101593574414
4	0	0.5632226946809693	2.436777305319031	1	0.1877408982269898	7.101986545953642	0	-7.101986545953642	0.9999999999999999	0.001242325974386005	-5.715835411544428
2	0	1.089772372258321	1.482693344197136	1	0.4236295027324577	1.835245644790413	0	-1.835245644790413	0.9999999999999999	0.1794619555853495	-1.477046172574403
4	0	1	2	1	0.3333333333333333	4	0	-4	1	0.01234567901234551	-3.21928822284296
3	1	0.8715055433001594	1.9710272636157	0.75	0.3065947176334406	3.44231889637764	0.507349653888387	-2.934969242489253	0.9911639396743197	0.08877182637448	-2.362127979187994
3	0	0.5715177677834774	2.244924515065789	1	0.2029218817171353	5.249180636386734	0	-5.249180636386734	1	0.008355773186969451	-4.224656350573782
7	1	1.093138631765948	1.667532448103271	0.875	0.3959684439544798	6.403579378300454	0.5996884805074986	-5.803890897792956	0.9993956554424095	0.007979542032697573	-4.671099403482579
5	0	1	2	1	0.3333333333333333	5	0	-5	1	0.004115226337448097	-4.0241102785537
4	1	0.8722236621243287	1.973258014974326	0.8	0.3065293546411714	4.585979690413204	0.506776099431179	-4.079203590982025	0.9972937971051495	0.03331782686412466	-3.283033019756786
2	0	0.5237686065646538	1.913008698754377	1	0.2149431568577747	3.818480097762638	0	-3.818480097762638	0.9999999999999999	0.04620056067998601	-3.073197001971874
4	0	0.831552214520796	2.168447785479204	1	0.277184071506932	4.81028121884698	0	-4.81028121884698	1	0.005903004020352709	-3.871420419099191
2	1	0.5284498683353254	2.211439187833041	0.6666666666666666	0.1928727249541786	3.784654174104003	0.4521942115803266	-3.332459962523676	0.9928251562274224	0.09724997654859557	-2.682037277612041
1.166666666666667	2.833333333333333	0.5628568905438278	2.33065570564102	0.2916666666666667	0.1945237395150674	2.072758966385652	1.215680774502924	-0.8570781918827286	0.8521029895550203	0.5112986049013527	-0.6897954322959017
0	1	0.5017553794482573	2.321412549083628	0	0.1777277838761728	0	0.4307722039302095	0.4307722039302095	0.8222722161238272	0.1777277838761728	0.3466949707101573
5	0	1	2	1	0.3333333333333333	5	0	-5	1	0.004115226337448097	-4.0241102785537
2.5	1.5	0.9217019903170556	1.899487073418717	0.625	0.326706920200716	2.712373442027642	0.7896868691505673	-1.922686572877074	0.9416491729599137	0.2504685330231072	-1.547420560070365
3.5	1.5	0.8199280231944625	1.880518661227381	0.7	0.3036268140098483	4.268667372001633	0.797652281217447	-3.471015090784186	0.9826235800887388	0.1000418282641098	-2.793549500767929
1	0	0.6869773143936356	1.985228576956977	1	0.2570824787929858	1.455652143160878	0	-1.455652143160878	1	0.2570824787929857	-1.171540950258482
5	1	1.123865249302108	1.495494845050429	0.8333333333333334	0.429060995364942	4.448931936551002	0.6686749896261125	-3.78025694692489	0.993761011062262	0.05605123716149019	-3.042434167138896
0	0	0.5189537627605965	2.157359906123424	0	0.1939061810258555	0	0	0	0	0	0
0	0	0.5632226946809694	2.436777305319031	0	0.1877408982269898	0	0	0	0	0	0
2	1	1	2	0.6666666666666666	0.3333333333333333	2	0.5	-1.5	0.962962962962963	0.2592592592592592	-1.20723308356611
2	0	1	1.96939180941712	1	0.3367692996352328	2	0	-2	1	0.1134135611768052	-1.60964411142148
0	0	0.6763136688840199	2	0	0.2527034393416344	0	0	0	0	0	0
4	0	0.5632226946809693	2.436777305319031	1	0.1877408982269898	7.101986545953642	0	-7.101986545953642	0.9999999999999999	0.001242325974386005	-5.715835411544428
0	0	0.5189537627605965	2.157359906123424	0	0.1939061810258555	0	0	0	0	0	0
5	0	0.6941555801894951	2.305844419810505	1	0.2313851933964984	7.202996190904448	0	-7.202996190904448	1	0.0006632508611275068	-5.797130201640347
7	1	1.233816990299408	1.504842233192557	0.875	0.4505186259450757	5.673450807563706	0.6645214879957728	-5.008929319567933	0.998302921205063	0.01825600682886941	-4.031296791884462
0	0	0.5189537627605965	2.157359906123424	0	0.1939061810258555	0	0	0	0	0	0
4	1	1	2	0.8	0.3333333333333333	4	0.5	-3.5	0.9958847736625519	0.04526748971193373	-2.81687719498759
1	0	0.5632226946809694	2	1	0.2197322518444191	1.77549663648841	0	-1.77549663648841	1	0.2197322518444191	-1.428958852886107
3	2	1.084217379610805	1.520584582188556	0.6	0.4162379311407776	2.766972801226349	1.315283624092406	-1.451689177133943	0.8998920099133136	0.3458597901730472	-1.168351467793973
5	0	1	1.904350796470874	1	0.3443110251058918	5	0	-5	0.9999999999999999	0.004838989133657656	-4.0241102785537